2025-10-09 00:13:37,143 INFO [__main__] Logging to logs/etl_20251009_001337.log
2025-10-09 00:13:37,199 INFO [__main__] Starting bet ingestion
2025-10-09 00:14:09,307 WARNING [src.utils.manifold] Request exception on GET https://manifold.markets/api/v0/bets: HTTPSConnectionPool(host='api.manifold.markets', port=443): Max retries exceeded with url: /v0/bets?userId=0207LbPZ02ayS3qaTMOkaQ6zGr82&limit=51 (Caused by ConnectTimeoutError(<urllib3.connection.HTTPSConnection object at 0x7f0cd05a00d0>, 'Connection to api.manifold.markets timed out. (connect timeout=30)'))
2025-10-09 00:14:09,307 INFO [src.utils.manifold] Sleeping 1.00s before retry
2025-10-09 00:14:27,479 WARNING [src.utils.manifold] Request exception on GET https://manifold.markets/api/v0/bets: HTTPSConnectionPool(host='api.manifold.markets', port=443): Max retries exceeded with url: /v0/bets?userId=07vsWNo5JLTye3QQbnhn0AGPxC73&limit=51 (Caused by ConnectTimeoutError(<urllib3.connection.HTTPSConnection object at 0x7f0cb7b1b390>, 'Connection to api.manifold.markets timed out. (connect timeout=30)'))
2025-10-09 00:14:27,479 INFO [src.utils.manifold] Sleeping 1.00s before retry
2025-10-09 00:14:28,398 WARNING [src.utils.manifold] Request exception on GET https://manifold.markets/api/v0/bets: HTTPSConnectionPool(host='api.manifold.markets', port=443): Max retries exceeded with url: /v0/bets?userId=05LwBi9EbBNVW0HL3PiwpfDRYer1&limit=51 (Caused by ConnectTimeoutError(<urllib3.connection.HTTPSConnection object at 0x7f0cb7b19690>, 'Connection to api.manifold.markets timed out. (connect timeout=30)'))
2025-10-09 00:14:28,398 INFO [src.utils.manifold] Sleeping 1.00s before retry
2025-10-09 00:14:30,335 WARNING [src.utils.manifold] Request exception on GET https://manifold.markets/api/v0/bets: HTTPSConnectionPool(host='api.manifold.markets', port=443): Max retries exceeded with url: /v0/bets?userId=00vvtXkQpFQfDqnCZ2r2MBnxRv02&limit=51 (Caused by ConnectTimeoutError(<urllib3.connection.HTTPSConnection object at 0x7f0cb7b33790>, 'Connection to api.manifold.markets timed out. (connect timeout=30)'))
2025-10-09 00:14:30,336 INFO [src.utils.manifold] Sleeping 1.00s before retry
2025-10-09 00:15:11,007 WARNING [src.utils.manifold] Request exception on GET https://manifold.markets/api/v0/bets: HTTPSConnectionPool(host='api.manifold.markets', port=443): Max retries exceeded with url: /v0/bets?userId=01La3B6F2Wgacm0cEaWWcb0usJY2&limit=51 (Caused by ConnectTimeoutError(<urllib3.connection.HTTPSConnection object at 0x7f0cb6865310>, 'Connection to api.manifold.markets timed out. (connect timeout=30)'))
2025-10-09 00:15:11,008 INFO [src.utils.manifold] Sleeping 1.00s before retry
2025-10-09 00:15:19,733 WARNING [src.utils.manifold] Request exception on GET https://manifold.markets/api/v0/bets: HTTPSConnectionPool(host='api.manifold.markets', port=443): Max retries exceeded with url: /v0/bets?userId=0BQBlcZbnlMGA12n2KJyO2vltT43&limit=51 (Caused by ConnectTimeoutError(<urllib3.connection.HTTPSConnection object at 0x7f0cb67df210>, 'Connection to api.manifold.markets timed out. (connect timeout=30)'))
2025-10-09 00:15:19,734 INFO [src.utils.manifold] Sleeping 1.00s before retry
2025-10-09 00:15:22,632 WARNING [src.utils.manifold] Request exception on GET https://manifold.markets/api/v0/bets: HTTPSConnectionPool(host='api.manifold.markets', port=443): Max retries exceeded with url: /v0/bets?userId=03l6QSZHr7XZoHso1OQgDbsBDj72&limit=51 (Caused by ConnectTimeoutError(<urllib3.connection.HTTPSConnection object at 0x7f0cb657ced0>, 'Connection to api.manifold.markets timed out. (connect timeout=30)'))
2025-10-09 00:15:22,632 INFO [src.utils.manifold] Sleeping 1.00s before retry
2025-10-09 00:15:54,462 INFO [src.load.postgres] Upserted 22849 rows into bets_clean
2025-10-09 00:15:54,677 INFO [__main__] Processed 44 qualifying users; upserted 22849 bets this batch (cumulative bets: 22849)
2025-10-09 00:17:17,457 WARNING [src.utils.manifold] Request exception on GET https://manifold.markets/api/v0/bets: HTTPSConnectionPool(host='api.manifold.markets', port=443): Max retries exceeded with url: /v0/bets?userId=0MZid13yzIeZaKgm5GXJiPyxgMw2&limit=51 (Caused by ConnectTimeoutError(<urllib3.connection.HTTPSConnection object at 0x7f0cb40a5e10>, 'Connection to api.manifold.markets timed out. (connect timeout=30)'))
2025-10-09 00:17:17,457 INFO [src.utils.manifold] Sleeping 1.00s before retry
